<?xml version="1.0" encoding="UTF-8"?>
<testng-results ignored="0" total="1" passed="1" failed="0" skipped="0">
  <reporter-output>
  </reporter-output>
  <suite started-at="2022-02-10T01:18:16 IST" name="Suite" finished-at="2022-02-10T01:18:22 IST" duration-ms="6014">
    <groups>
    </groups>
    <test started-at="2022-02-10T01:18:16 IST" name="Test" finished-at="2022-02-10T01:18:22 IST" duration-ms="6014">
      <class name="TestPackage.LoginPage">
        <test-method signature="LoginValidation()[pri:0, instance:TestPackage.LoginPage@58faa93b]" started-at="2022-02-10T01:18:16 IST" name="LoginValidation" finished-at="2022-02-10T01:18:21 IST" duration-ms="5185" status="PASS">
          <reporter-output>
          </reporter-output>
        </test-method> <!-- LoginValidation -->
        <test-method is-config="true" signature="TestCleanUp()[pri:0, instance:TestPackage.LoginPage@58faa93b]" started-at="2022-02-10T01:18:21 IST" name="TestCleanUp" finished-at="2022-02-10T01:18:22 IST" duration-ms="785" status="PASS">
          <reporter-output>
          </reporter-output>
        </test-method> <!-- TestCleanUp -->
      </class> <!-- TestPackage.LoginPage -->
    </test> <!-- Test -->
  </suite> <!-- Suite -->
</testng-results>
